Command line: /usr/local/bin/spades.py	-s	/home/janina/nextflow/Nextflow_workshop/work/82/d3a7e24bf40fc0d3dfeae40b0d3ae4/SRR12718173_trimmed.fastq	-o	/home/janina/nextflow/Nextflow_workshop/work/82/d3a7e24bf40fc0d3dfeae40b0d3ae4/SRR12718173_trimmed	

System information:
  SPAdes version: 4.2.0
  Python version: 3.13.7
  OS: Linux-6.6.87.2-microsoft-standard-WSL2-x86_64-with-glibc2.36

Output dir: /home/janina/nextflow/Nextflow_workshop/work/82/d3a7e24bf40fc0d3dfeae40b0d3ae4/SRR12718173_trimmed
Mode: read error correction and assembling
Debug mode is turned OFF

Dataset parameters:
  Standard mode
  For multi-cell/isolate data we recommend to use '--isolate' option; for single-cell MDA data use '--sc'; for metagenomic data use '--meta'; for RNA-Seq use '--rna'.
  Reads:
    Library number: 1, library type: single
      left reads: not specified
      right reads: not specified
      interlaced reads: not specified
      single reads: ['/home/janina/nextflow/Nextflow_workshop/work/82/d3a7e24bf40fc0d3dfeae40b0d3ae4/SRR12718173_trimmed.fastq']
      merged reads: not specified
Read error correction parameters:
  Iterations: 1
  PHRED offset will be auto-detected
  Corrected reads will be compressed
Assembly parameters:
  k: automatic selection based on read length
  Repeat resolution is enabled
  Mismatch careful mode is turned OFF
  MismatchCorrector will be SKIPPED
  Coverage cutoff is turned OFF
  Assembly graph output will use GFA v1.2 format
Other parameters:
  Dir for temp files: /home/janina/nextflow/Nextflow_workshop/work/82/d3a7e24bf40fc0d3dfeae40b0d3ae4/SRR12718173_trimmed/tmp
  Threads: 16
  Memory limit (in Gb): 23


======= SPAdes pipeline started. Log can be found here: /home/janina/nextflow/Nextflow_workshop/work/82/d3a7e24bf40fc0d3dfeae40b0d3ae4/SRR12718173_trimmed/spades.log

/home/janina/nextflow/Nextflow_workshop/work/82/d3a7e24bf40fc0d3dfeae40b0d3ae4/SRR12718173_trimmed.fastq: max reads length: 36

Reads length: 36

K-mer sizes were set to [21, 33] because estimated read length (36) is less than 55

===== Before start started. 


===== Read error correction started. 


===== Read error correction started. 


== Running: /usr/local/bin/spades-hammer /home/janina/nextflow/Nextflow_workshop/work/82/d3a7e24bf40fc0d3dfeae40b0d3ae4/SRR12718173_trimmed/corrected/configs/config.info

  0:00:00.000     1M / 22M   INFO    General                 (main.cpp                  :  76)   Starting BayesHammer, built from N/A, git revision N/A
  0:00:00.004     1M / 22M   INFO    General                 (main.cpp                  :  77)   Loading config from "/home/janina/nextflow/Nextflow_workshop/work/82/d3a7e24bf40fc0d3dfeae40b0d3ae4/SRR12718173_trimmed/corrected/configs/config.info"
  0:00:00.011     1M / 22M   INFO    General                 (main.cpp                  :  79)   Maximum # of threads to use (adjusted due to OMP capabilities): 12
  0:00:00.013     1M / 22M   INFO    General                 (memory_limit.cpp          :  55)   Memory limit set to 23 Gb
  0:00:00.017     1M / 22M   INFO    General                 (main.cpp                  :  87)   Trying to determine PHRED offset
  0:00:00.022     1M / 22M   INFO    General                 (main.cpp                  :  93)   Determined value is 33
  0:00:00.023     1M / 22M   INFO    General                 (hammer_tools.cpp          :  40)   Hamming graph threshold tau=1, k=21, subkmer positions = [ 0 10 ]
  0:00:00.027     1M / 22M   INFO    General                 (main.cpp                  : 114)   Size of aux. kmer data 24 bytes
     === ITERATION 0 begins ===
  0:00:00.032     1M / 22M   INFO    General                 (kmer_index_builder.hpp    : 308)   Splitting kmer instances into 16 files using 12 threads. This might take a while.
  0:00:00.034     1M / 22M   INFO    General                 (file_limit.hpp            :  43)   Open file limit set to 1048576
  0:00:00.042     1M / 22M   INFO    General                 (kmer_splitter.hpp         :  96)   Memory available for splitting buffers: 0.638886 Gb
  0:00:00.053     1M / 22M   INFO    General                 (kmer_splitter.hpp         : 104)   Using cell size of 4194304
  0:00:00.063  6913M / 6913M INFO   K-mer Splitting          (kmer_data.cpp             :  98)   Processing "/home/janina/nextflow/Nextflow_workshop/work/82/d3a7e24bf40fc0d3dfeae40b0d3ae4/SRR12718173_trimmed.fastq"
  0:00:00.159  6913M / 6913M INFO   K-mer Splitting          (kmer_data.cpp             : 108)   Processed 67611 reads
  0:00:00.163  6913M / 6913M INFO   K-mer Splitting          (kmer_data.cpp             : 113)   Total 67611 reads processed
  0:00:00.171     1M / 37M   INFO    General                 (kmer_index_builder.hpp    : 314)   Starting k-mer counting.
  0:00:00.179     1M / 37M   INFO    General                 (kmer_index_builder.hpp    : 325)   K-mer counting done. There are 101764 kmers in total.
  0:00:00.181     1M / 37M   INFO   K-mer Index Building     (kmer_index_builder.hpp    : 460)   Building perfect hash indices
  0:00:00.190     1M / 37M   INFO   K-mer Index Building     (kmer_index_builder.hpp    : 496)   Index built. Total 101764 kmers, 85696 bytes occupied (6.73684 bits per kmer).
  0:00:00.193     1M / 37M   INFO   K-mer Counting           (kmer_data.cpp             : 355)   Arranging kmers in hash map order
  0:00:00.202     2M / 37M   INFO    General                 (main.cpp                  : 149)   Clustering Hamming graph.
  0:00:00.257     2M / 37M   INFO    General                 (main.cpp                  : 156)   Extracting clusters:
  0:00:00.261     2M / 37M   INFO    General                 (concurrent_dsu.cpp        :  19)   Connecting to root
  0:00:00.267     2M / 37M   INFO    General                 (concurrent_dsu.cpp        :  35)   Calculating counts
  0:00:00.276     5M / 37M   INFO    General                 (concurrent_dsu.cpp        :  64)   Writing down entries
  0:00:00.283     2M / 37M   INFO    General                 (main.cpp                  : 168)   Clustering done. Total clusters: 81809
  0:00:00.286     2M / 37M   INFO   K-mer Counting           (kmer_data.cpp             : 372)   Collecting K-mer information, this takes a while.
  0:00:00.289     4M / 37M   INFO   K-mer Counting           (kmer_data.cpp             : 378)   Processing "/home/janina/nextflow/Nextflow_workshop/work/82/d3a7e24bf40fc0d3dfeae40b0d3ae4/SRR12718173_trimmed.fastq"
  0:00:00.369     4M / 37M   INFO   K-mer Counting           (kmer_data.cpp             : 385)   Collection done, postprocessing.
  0:00:00.373     4M / 37M   INFO   K-mer Counting           (kmer_data.cpp             : 398)   There are 101764 kmers in total. Among them 64420 (63.3033%) are singletons.
  0:00:00.377     4M / 37M   INFO    General                 (main.cpp                  : 174)   Subclustering Hamming graph
  0:00:00.388     4M / 37M   INFO   Hamming Subclustering    (kmer_cluster.cpp          : 637)   Subclustering done. Total 0 non-read kmers were generated.
  0:00:00.391     4M / 37M   INFO   Hamming Subclustering    (kmer_cluster.cpp          : 638)   Subclustering statistics:
  0:00:00.394     4M / 37M   INFO   Hamming Subclustering    (kmer_cluster.cpp          : 639)     Total singleton hamming clusters: 73532. Among them 58944 (80.161%) are good
  0:00:00.397     4M / 37M   INFO   Hamming Subclustering    (kmer_cluster.cpp          : 640)     Total singleton subclusters: 1547. Among them 1547 (100%) are good
  0:00:00.400     4M / 37M   INFO   Hamming Subclustering    (kmer_cluster.cpp          : 641)     Total non-singleton subcluster centers: 8296. Among them 7329 (88.3438%) are good
  0:00:00.403     4M / 37M   INFO   Hamming Subclustering    (kmer_cluster.cpp          : 642)     Average size of non-trivial subcluster: 3.40309 kmers
  0:00:00.407     4M / 37M   INFO   Hamming Subclustering    (kmer_cluster.cpp          : 643)     Average number of sub-clusters per non-singleton cluster: 1.1892
  0:00:00.411     4M / 37M   INFO   Hamming Subclustering    (kmer_cluster.cpp          : 644)     Total solid k-mers: 67820
  0:00:00.415     4M / 37M   INFO   Hamming Subclustering    (kmer_cluster.cpp          : 645)     Substitution probabilities: (     0.944235    0.0154037    0.0206783    0.0196831 )
(    0.0235056      0.95365   0.00531744    0.0175271 )
(    0.0165228   0.00469995     0.954373    0.0244047 )
(    0.0183685    0.0197003     0.014495     0.947436 )
  0:00:00.417     4M / 37M   INFO    General                 (main.cpp                  : 179)   Finished clustering.
  0:00:00.420     4M / 37M   INFO    General                 (main.cpp                  : 198)   Starting solid k-mers expansion in 12 threads.
  0:00:00.497     4M / 37M   INFO    General                 (main.cpp                  : 219)   Solid k-mers iteration 0 produced 1499 new k-mers.
  0:00:00.577     4M / 37M   INFO    General                 (main.cpp                  : 219)   Solid k-mers iteration 1 produced 6 new k-mers.
  0:00:00.581     4M / 37M   INFO    General                 (main.cpp                  : 223)   Solid k-mers finalized
  0:00:00.586     4M / 37M   INFO    General                 (hammer_tools.cpp          : 226)   Starting read correction in 12 threads.
  0:00:00.588     4M / 37M   INFO    General                 (hammer_tools.cpp          : 270)   Correcting single reads: "/home/janina/nextflow/Nextflow_workshop/work/82/d3a7e24bf40fc0d3dfeae40b0d3ae4/SRR12718173_trimmed.fastq"
  0:00:00.704   144M / 149M  INFO    General                 (hammer_tools.cpp          : 131)   Prepared batch 0 of 67611 reads.
  0:00:00.730   144M / 149M  INFO    General                 (hammer_tools.cpp          : 136)   Processed batch 0
  0:00:00.777   144M / 149M  INFO    General                 (hammer_tools.cpp          : 140)   Written batch 0
  0:00:00.802     4M / 149M  INFO    General                 (hammer_tools.cpp          : 280)   Correction done. Changed 810 bases in 775 reads.
  0:00:00.804     4M / 149M  INFO    General                 (hammer_tools.cpp          : 281)   Failed to correct 3 bases out of 2373456.
  0:00:00.807     1M / 149M  INFO    General                 (main.cpp                  : 256)   Saving corrected dataset description to /home/janina/nextflow/Nextflow_workshop/work/82/d3a7e24bf40fc0d3dfeae40b0d3ae4/SRR12718173_trimmed/corrected/corrected.yaml
  0:00:00.813     1M / 149M  INFO    General                 (main.cpp                  : 263)   All done. Exiting.

===== Read error correction finished. 


===== corrected reads compression started. 


== Running: /usr/local/bin/python3 /usr/local/share/spades/spades_pipeline/scripts/compress_all.py --input_file /home/janina/nextflow/Nextflow_workshop/work/82/d3a7e24bf40fc0d3dfeae40b0d3ae4/SRR12718173_trimmed/corrected/corrected.yaml --ext_python_modules_home /usr/local/share/spades --max_threads 16 --output_dir /home/janina/nextflow/Nextflow_workshop/work/82/d3a7e24bf40fc0d3dfeae40b0d3ae4/SRR12718173_trimmed/corrected --gzip_output

== Compressing corrected reads (with gzip)
== Files to compress: ['/home/janina/nextflow/Nextflow_workshop/work/82/d3a7e24bf40fc0d3dfeae40b0d3ae4/SRR12718173_trimmed/corrected/SRR12718173_trimmed00.0_0.cor.fastq']
== Files compression is finished
== Dataset yaml file is updated

===== corrected reads compression finished. 


===== Read error correction finished. 


===== Assembling started. 


===== K21 started. 


== Running: /usr/local/bin/spades-core /home/janina/nextflow/Nextflow_workshop/work/82/d3a7e24bf40fc0d3dfeae40b0d3ae4/SRR12718173_trimmed/K21/configs/config.info

  0:00:00.000     1M / 22M   INFO    General                 (main.cpp                  :  94)   Loaded config from "/home/janina/nextflow/Nextflow_workshop/work/82/d3a7e24bf40fc0d3dfeae40b0d3ae4/SRR12718173_trimmed/K21/configs/config.info"
  0:00:00.004     1M / 22M   INFO    General                 (memory_limit.cpp          :  55)   Memory limit set to 23 Gb
  0:00:00.008     1M / 22M   INFO    General                 (main.cpp                  : 102)   Starting SPAdes, built from N/A, git revision N/A
  0:00:00.010     1M / 22M   INFO    General                 (main.cpp                  : 103)   Maximum k-mer length: 128
  0:00:00.014     1M / 22M   INFO    General                 (main.cpp                  : 104)   Assembling dataset ("/home/janina/nextflow/Nextflow_workshop/work/82/d3a7e24bf40fc0d3dfeae40b0d3ae4/SRR12718173_trimmed/dataset.info") with K=21
  0:00:00.017     1M / 22M   INFO    General                 (main.cpp                  : 105)   Maximum # of threads to use (adjusted due to OMP capabilities): 12
  0:00:00.020     1M / 22M   INFO    General                 (pipeline.cpp              : 221)   SPAdes started
  0:00:00.023     1M / 22M   INFO    General                 (pipeline.cpp              : 234)   Starting from stage: read_conversion
  0:00:00.028     1M / 22M   INFO    General                 (pipeline.cpp              : 245)   Two-step repeat resolution disabled
  0:00:00.034     1M / 22M   INFO   GraphCore                (graph_core.hpp            : 689)   Graph created, vertex min_id: 3, edge min_id: 3
  0:00:00.035     1M / 22M   INFO   GraphCore                (graph_core.hpp            : 690)   Vertex size: 48, edge size: 40
  0:00:00.042     1M / 22M   INFO    General                 (edge_index.hpp            : 132)   Size of edge index entries: 12/8
  0:00:00.049     1M / 22M   INFO   StageManager             (stage.cpp                 : 212)   STAGE == Binary Read Conversion (id: read_conversion)
  0:00:00.053     1M / 22M   INFO    General                 (read_converter.cpp        :  78)   Converting reads to binary format for library #0 (takes a while)
  0:00:00.055     1M / 22M   INFO    General                 (read_converter.cpp        :  99)   Converting paired reads
  0:00:00.075    29M / 34M   INFO    General                 (binary_converter.cpp      : 143)   0 reads written
  0:00:00.079     1M / 34M   INFO    General                 (read_converter.cpp        : 113)   Converting single reads
  0:00:00.132    40M / 50M   INFO    General                 (binary_converter.cpp      : 127)   16384 reads processed
  0:00:00.137    40M / 50M   INFO    General                 (binary_converter.cpp      : 127)   32768 reads processed
  0:00:00.143    40M / 51M   INFO    General                 (binary_converter.cpp      : 127)   65536 reads processed
  0:00:00.167    40M / 51M   INFO    General                 (binary_converter.cpp      : 143)   67285 reads written
  0:00:00.171    24M / 51M   INFO    General                 (read_converter.cpp        : 119)   Converting merged reads
  0:00:00.174    37M / 51M   INFO    General                 (binary_converter.cpp      : 143)   0 reads written
  0:00:00.205     1M / 51M   INFO   StageManager             (stage.cpp                 : 212)   STAGE == de Bruijn graph construction (id: construction)
  0:00:00.211     1M / 51M   INFO    General                 (construction.cpp          : 150)   Max read length 36
  0:00:00.213     1M / 51M   INFO    General                 (construction.cpp          : 156)   Average read length 35.1094
  0:00:00.217     1M / 51M   INFO    General                 (stage.cpp                 : 121)   PROCEDURE == k+1-mer counting (id: construction:kpomer_counting)
  0:00:00.222     1M / 51M   INFO    General                 (kmer_index_builder.hpp    : 308)   Splitting kmer instances into 120 files using 12 threads. This might take a while.
  0:00:00.228     1M / 51M   INFO    General                 (file_limit.hpp            :  43)   Open file limit set to 1048576
  0:00:00.233     1M / 51M   INFO    General                 (kmer_splitter.hpp         :  96)   Memory available for splitting buffers: 0.63888 Gb
  0:00:00.237     1M / 51M   INFO    General                 (kmer_splitter.hpp         : 104)   Using cell size of 559240
  0:00:00.283  6841M / 6841M INFO    General                 (kmer_splitters.hpp        : 128)   Processed 134570 reads
  0:00:00.286     1M / 70M   INFO    General                 (kmer_splitters.hpp        : 134)   Used 134570 reads
  0:00:00.290     1M / 70M   INFO    General                 (kmer_index_builder.hpp    : 314)   Starting k-mer counting.
  0:00:00.307     1M / 70M   INFO    General                 (kmer_index_builder.hpp    : 325)   K-mer counting done. There are 41349 kmers in total.
  0:00:00.308     1M / 70M   INFO    General                 (stage.cpp                 : 121)   PROCEDURE == Extension index construction (id: construction:extension_index_construction)
  0:00:00.315     1M / 70M   INFO   K-mer Index Building     (kmer_index_builder.hpp    : 503)   Building kmer index
  0:00:00.317     1M / 70M   INFO    General                 (kmer_index_builder.hpp    : 308)   Splitting kmer instances into 120 files using 12 threads. This might take a while.
  0:00:00.323     1M / 70M   INFO    General                 (file_limit.hpp            :  43)   Open file limit set to 1048576
  0:00:00.328     1M / 70M   INFO    General                 (kmer_splitter.hpp         :  96)   Memory available for splitting buffers: 0.638864 Gb
  0:00:00.331     1M / 70M   INFO    General                 (kmer_splitter.hpp         : 104)   Using cell size of 559240
  0:00:00.361  6841M / 6841M INFO    General                 (kmer_splitters.hpp        : 197)   Processed 41349 kmers
  0:00:00.363  6841M / 6841M INFO    General                 (kmer_splitters.hpp        : 202)   Used 41349 kmers.
  0:00:00.367     2M / 70M   INFO    General                 (kmer_index_builder.hpp    : 314)   Starting k-mer counting.
  0:00:00.380     2M / 70M   INFO    General                 (kmer_index_builder.hpp    : 325)   K-mer counting done. There are 43032 kmers in total.
  0:00:00.385     2M / 70M   INFO   K-mer Index Building     (kmer_index_builder.hpp    : 460)   Building perfect hash indices
  0:00:00.399     2M / 70M   INFO   K-mer Index Building     (kmer_index_builder.hpp    : 496)   Index built. Total 43032 kmers, 124272 bytes occupied (23.1032 bits per kmer).
  0:00:00.401     2M / 70M   INFO    General                 (kmer_index_builder.hpp    : 191)   Merging final buckets.
  0:00:00.413     2M / 70M   INFO   DeBruijnExtensionIndexBu (kmer_extension_index_build: 101)   Building k-mer extensions from k+1-mers
  0:00:00.421     2M / 70M   INFO   DeBruijnExtensionIndexBu (kmer_extension_index_build: 106)   Building k-mer extensions from k+1-mers finished.
  0:00:00.426     1M / 70M   INFO    General                 (stage.cpp                 : 121)   PROCEDURE == Early tip clipping (id: construction:early_tip_clipper)
  0:00:00.428     1M / 70M   INFO    General                 (construction.cpp          : 298)   Early tip clipper length bound set as (RL - K)
  0:00:00.433     1M / 70M   INFO   Early tip clipping       (early_simplification.hpp  :  48)   Early tip clipping
  0:00:00.438     2M / 70M   INFO   Early tip clipping       (early_simplification.hpp  :  83)   #tipped junctions: 737
  0:00:00.445     2M / 70M   INFO   Early tip clipping       (early_simplification.hpp  :  94)   Clipped tips: 773
  0:00:00.448     1M / 70M   INFO   Early tip clipping       (early_simplification.hpp  :  50)   4729 22-mers were removed by early tip clipper
  0:00:00.452     1M / 70M   INFO    General                 (stage.cpp                 : 121)   PROCEDURE == Condensing graph (id: construction:graph_condensing)
  0:00:00.455     1M / 70M   INFO   UnbranchingPathExtractor (debruijn_graph_constructor: 324)   Extracting unbranching paths
  0:00:00.463     2M / 70M   INFO   UnbranchingPathExtractor (debruijn_graph_constructor: 348)   Extracting unbranching paths finished. 2341 sequences extracted
  0:00:00.471     2M / 70M   INFO   UnbranchingPathExtractor (debruijn_graph_constructor: 362)   Collecting perfect loops
  0:00:00.477     2M / 70M   INFO   UnbranchingPathExtractor (debruijn_graph_constructor: 395)   Collecting perfect loops finished. 12 loops collected
  0:00:00.481     2M / 70M   INFO   DeBruijnGraphConstructor (debruijn_graph_constructor: 593)   Sorting edges...
  0:00:00.494     2M / 70M   INFO   DeBruijnGraphConstructor (debruijn_graph_constructor: 598)   Edges sorted
  0:00:00.498     2M / 70M   INFO    General                 (debruijn_graph_constructor: 511)   Total 4706 edges to create
  0:00:00.502     2M / 70M   INFO    General                 (debruijn_graph_constructor: 514)   Collecting link records
  0:00:00.508     2M / 70M   INFO    General                 (debruijn_graph_constructor: 519)   Ordering link records
  0:00:00.521     2M / 70M   INFO    General                 (debruijn_graph_constructor: 525)   Sorting done
  0:00:00.525     2M / 70M   INFO    General                 (debruijn_graph_constructor: 538)   Sorting LinkRecords...
  0:00:00.538     2M / 70M   INFO    General                 (debruijn_graph_constructor: 544)   LinkRecords sorted
  0:00:00.541     2M / 70M   INFO    General                 (debruijn_graph_constructor: 546)   Total 4036 vertices to create
  0:00:00.545     2M / 70M   INFO    General                 (debruijn_graph_constructor: 549)   Connecting the graph
  0:00:00.553     2M / 70M   INFO    General                 (stage.cpp                 : 121)   PROCEDURE == Filling coverage indices (PHM) (id: construction:coverage_filling_phm)
  0:00:00.556     2M / 70M   INFO   K-mer Index Building     (kmer_index_builder.hpp    : 460)   Building perfect hash indices
  0:00:00.574     2M / 70M   INFO   K-mer Index Building     (kmer_index_builder.hpp    : 496)   Index built. Total 41349 kmers, 122864 bytes occupied (23.7711 bits per kmer).
  0:00:00.576     3M / 70M   INFO    General                 (coverage_hash_map_builder.:  49)   Collecting k-mer coverage information from reads, this takes a while.
  0:00:00.599     3M / 70M   INFO    General                 (construction.cpp          : 400)   Filling coverage and flanking coverage from PHM
  0:00:00.612     3M / 70M   INFO    General                 (coverage_filling.hpp      :  83)   Processed 4694 edges
  0:00:00.617     1M / 70M   INFO   StageManager             (stage.cpp                 : 212)   STAGE == EC Threshold Finding (id: ec_threshold_finder)
  0:00:00.619     1M / 70M   INFO    General                 (kmer_coverage_model.cpp   : 182)   Kmer coverage valley at: 8
  0:00:00.624     1M / 70M   INFO    General                 (kmer_coverage_model.cpp   : 202)   K-mer histogram maximum: 10
  0:00:00.625     1M / 70M   INFO    General                 (kmer_coverage_model.cpp   : 238)   Estimated median coverage: 11. Coverage mad: 2.9652
  0:00:00.629     1M / 70M   INFO    General                 (kmer_coverage_model.cpp   : 260)   Fitting coverage model
  0:00:00.648     1M / 70M   INFO    General                 (kmer_coverage_model.cpp   : 296)   ... iteration 2
  0:00:00.690     1M / 70M   INFO    General                 (kmer_coverage_model.cpp   : 296)   ... iteration 4
  0:00:00.773     1M / 70M   INFO    General                 (kmer_coverage_model.cpp   : 296)   ... iteration 8
  0:00:00.904     1M / 70M   INFO    General                 (kmer_coverage_model.cpp   : 296)   ... iteration 16
  0:00:01.408     1M / 70M   INFO    General                 (kmer_coverage_model.cpp   : 296)   ... iteration 32
  0:00:02.477     1M / 70M   INFO    General                 (kmer_coverage_model.cpp   : 296)   ... iteration 64
  0:00:02.647     1M / 70M   INFO    General                 (kmer_coverage_model.cpp   : 310)   Fitted mean coverage: 12.0811. Fitted coverage std. dev: 5.6267
  0:00:02.649     1M / 70M   INFO    General                 (kmer_coverage_model.cpp   : 335)   Probability of erroneous kmer at valley: 0.0978442
  0:00:02.652     1M / 70M   INFO    General                 (kmer_coverage_model.cpp   : 359)   Preliminary threshold calculated as: 11
  0:00:02.655     1M / 70M   INFO    General                 (kmer_coverage_model.cpp   : 363)   Threshold adjusted to: 10
  0:00:02.660     1M / 70M   INFO    General                 (kmer_coverage_model.cpp   : 376)   Estimated genome size (ignoring repeats): 5224
  0:00:02.664     1M / 70M   INFO    General                 (genomic_info_filler.cpp   :  56)   Mean coverage was calculated as 12.0811
  0:00:02.668     1M / 70M   INFO    General                 (genomic_info_filler.cpp   :  71)   EC coverage threshold value was calculated as 10
  0:00:02.671     1M / 70M   INFO    General                 (genomic_info_filler.cpp   :  72)   Trusted kmer low bound: 0
  0:00:02.675     1M / 70M   INFO   StageManager             (stage.cpp                 : 212)   STAGE == Raw Simplification (id: raw_simplification)
  0:00:02.680     1M / 70M   INFO    General                 (simplification.cpp        : 129)   PROCEDURE == Initial cleaning
  0:00:02.684     1M / 70M   INFO    General                 (graph_simplification.hpp  : 674)   Flanking coverage based disconnection disabled
  0:00:02.686     1M / 70M   INFO   Simplification           (parallel_processing.hpp   : 168)   Running Self conjugate edge remover
  0:00:02.693     1M / 70M   INFO   Simplification           (parallel_processing.hpp   : 171)   Self conjugate edge remover triggered 0 times
  0:00:02.698     1M / 70M   INFO   Simplification           (parallel_processing.hpp   : 168)   Running Initial tip clipper
  0:00:02.707     1M / 70M   INFO   Simplification           (parallel_processing.hpp   : 171)   Initial tip clipper triggered 81 times
  0:00:02.710     1M / 70M   INFO   Simplification           (parallel_processing.hpp   : 168)   Running Initial ec remover
  0:00:02.715     1M / 70M   INFO   Simplification           (parallel_processing.hpp   : 171)   Initial ec remover triggered 23 times
  0:00:02.721     1M / 70M   INFO   Simplification           (parallel_processing.hpp   : 168)   Running Initial isolated edge remover
  0:00:02.728     1M / 70M   INFO   Simplification           (parallel_processing.hpp   : 171)   Initial isolated edge remover triggered 1774 times
  0:00:02.730     1M / 70M   INFO   StageManager             (stage.cpp                 : 212)   STAGE == Simplification (id: simplification)
  0:00:02.734     1M / 70M   INFO    General                 (simplification.cpp        : 397)   Graph simplification started
  0:00:02.737     1M / 70M   INFO    General                 (graph_simplification.hpp  : 646)   Creating parallel br instance
  0:00:02.744     1M / 70M   INFO    General                 (simplification.cpp        : 402)   PROCEDURE == Simplification cycle, iteration 1
  0:00:02.747     1M / 70M   INFO   Simplification           (parallel_processing.hpp   : 168)   Running Tip clipper
  0:00:02.754     1M / 70M   INFO   Simplification           (parallel_processing.hpp   : 171)   Tip clipper triggered 28 times
  0:00:02.761     1M / 70M   INFO   Simplification           (parallel_processing.hpp   : 168)   Running Bulge remover
  0:00:02.771     1M / 70M   INFO   Simplification           (parallel_processing.hpp   : 171)   Bulge remover triggered 39 times
  0:00:02.773     1M / 70M   INFO   Simplification           (parallel_processing.hpp   : 168)   Running Low coverage edge remover
  0:00:02.780     1M / 70M   INFO   Simplification           (parallel_processing.hpp   : 171)   Low coverage edge remover triggered 0 times
  0:00:02.783     1M / 70M   INFO    General                 (simplification.cpp        : 402)   PROCEDURE == Simplification cycle, iteration 2
  0:00:02.787     1M / 70M   INFO   Simplification           (parallel_processing.hpp   : 168)   Running Tip clipper
  0:00:02.790     1M / 70M   INFO   Simplification           (parallel_processing.hpp   : 171)   Tip clipper triggered 0 times
  0:00:02.795     1M / 70M   INFO   Simplification           (parallel_processing.hpp   : 168)   Running Bulge remover
  0:00:02.797     1M / 70M   INFO   Simplification           (parallel_processing.hpp   : 171)   Bulge remover triggered 0 times
  0:00:02.801     1M / 70M   INFO   Simplification           (parallel_processing.hpp   : 168)   Running Low coverage edge remover
  0:00:02.804     1M / 70M   INFO   Simplification           (parallel_processing.hpp   : 171)   Low coverage edge remover triggered 0 times
  0:00:02.807     1M / 70M   INFO    General                 (simplification.cpp        : 402)   PROCEDURE == Simplification cycle, iteration 3
  0:00:02.811     1M / 70M   INFO   Simplification           (parallel_processing.hpp   : 168)   Running Tip clipper
  0:00:02.814     1M / 70M   INFO   Simplification           (parallel_processing.hpp   : 171)   Tip clipper triggered 0 times
  0:00:02.818     1M / 70M   INFO   Simplification           (parallel_processing.hpp   : 168)   Running Bulge remover
  0:00:02.821     1M / 70M   INFO   Simplification           (parallel_processing.hpp   : 171)   Bulge remover triggered 0 times
  0:00:02.826     1M / 70M   INFO   Simplification           (parallel_processing.hpp   : 168)   Running Low coverage edge remover
  0:00:02.828     1M / 70M   INFO   Simplification           (parallel_processing.hpp   : 171)   Low coverage edge remover triggered 8 times
  0:00:02.831     1M / 70M   INFO    General                 (simplification.cpp        : 402)   PROCEDURE == Simplification cycle, iteration 4
  0:00:02.836     1M / 70M   INFO   Simplification           (parallel_processing.hpp   : 168)   Running Tip clipper
  0:00:02.840     1M / 70M   INFO   Simplification           (parallel_processing.hpp   : 171)   Tip clipper triggered 2 times
  0:00:02.842     1M / 70M   INFO   Simplification           (parallel_processing.hpp   : 168)   Running Bulge remover
  0:00:02.845     1M / 70M   INFO   Simplification           (parallel_processing.hpp   : 171)   Bulge remover triggered 0 times
  0:00:02.848     1M / 70M   INFO   Simplification           (parallel_processing.hpp   : 168)   Running Low coverage edge remover
  0:00:02.853     1M / 70M   INFO   Simplification           (parallel_processing.hpp   : 171)   Low coverage edge remover triggered 7 times
  0:00:02.855     1M / 70M   INFO    General                 (simplification.cpp        : 402)   PROCEDURE == Simplification cycle, iteration 5
  0:00:02.860     1M / 70M   INFO   Simplification           (parallel_processing.hpp   : 168)   Running Tip clipper
  0:00:02.862     1M / 70M   INFO   Simplification           (parallel_processing.hpp   : 171)   Tip clipper triggered 3 times
  0:00:02.866     1M / 70M   INFO   Simplification           (parallel_processing.hpp   : 168)   Running Bulge remover
  0:00:02.869     1M / 70M   INFO   Simplification           (parallel_processing.hpp   : 171)   Bulge remover triggered 1 times
  0:00:02.872     1M / 70M   INFO   Simplification           (parallel_processing.hpp   : 168)   Running Low coverage edge remover
  0:00:02.875     1M / 70M   INFO   Simplification           (parallel_processing.hpp   : 171)   Low coverage edge remover triggered 3 times
  0:00:02.879     1M / 70M   INFO    General                 (simplification.cpp        : 402)   PROCEDURE == Simplification cycle, iteration 6
  0:00:02.882     1M / 70M   INFO   Simplification           (parallel_processing.hpp   : 168)   Running Tip clipper
  0:00:02.887     1M / 70M   INFO   Simplification           (parallel_processing.hpp   : 171)   Tip clipper triggered 0 times
  0:00:02.891     1M / 70M   INFO   Simplification           (parallel_processing.hpp   : 168)   Running Bulge remover
  0:00:02.893     1M / 70M   INFO   Simplification           (parallel_processing.hpp   : 171)   Bulge remover triggered 1 times
  0:00:02.896     1M / 70M   INFO   Simplification           (parallel_processing.hpp   : 168)   Running Low coverage edge remover
  0:00:02.901     1M / 70M   INFO   Simplification           (parallel_processing.hpp   : 171)   Low coverage edge remover triggered 2 times
  0:00:02.903     1M / 70M   INFO    General                 (simplification.cpp        : 402)   PROCEDURE == Simplification cycle, iteration 7
  0:00:02.906     1M / 70M   INFO   Simplification           (parallel_processing.hpp   : 168)   Running Tip clipper
  0:00:02.910     1M / 70M   INFO   Simplification           (parallel_processing.hpp   : 171)   Tip clipper triggered 0 times
  0:00:02.913     1M / 70M   INFO   Simplification           (parallel_processing.hpp   : 168)   Running Bulge remover
  0:00:02.917     1M / 70M   INFO   Simplification           (parallel_processing.hpp   : 171)   Bulge remover triggered 0 times
  0:00:02.919     1M / 70M   INFO   Simplification           (parallel_processing.hpp   : 168)   Running Low coverage edge remover
  0:00:02.923     1M / 70M   INFO   Simplification           (parallel_processing.hpp   : 171)   Low coverage edge remover triggered 3 times
  0:00:02.926     1M / 70M   INFO    General                 (simplification.cpp        : 402)   PROCEDURE == Simplification cycle, iteration 8
  0:00:02.930     1M / 70M   INFO   Simplification           (parallel_processing.hpp   : 168)   Running Tip clipper
  0:00:02.934     1M / 70M   INFO   Simplification           (parallel_processing.hpp   : 171)   Tip clipper triggered 0 times
  0:00:02.936     1M / 70M   INFO   Simplification           (parallel_processing.hpp   : 168)   Running Bulge remover
  0:00:02.941     1M / 70M   INFO   Simplification           (parallel_processing.hpp   : 171)   Bulge remover triggered 0 times
  0:00:02.943     1M / 70M   INFO   Simplification           (parallel_processing.hpp   : 168)   Running Low coverage edge remover
  0:00:02.947     1M / 70M   INFO   Simplification           (parallel_processing.hpp   : 171)   Low coverage edge remover triggered 2 times
  0:00:02.949     1M / 70M   INFO    General                 (simplification.cpp        : 402)   PROCEDURE == Simplification cycle, iteration 9
  0:00:02.952     1M / 70M   INFO   Simplification           (parallel_processing.hpp   : 168)   Running Tip clipper
  0:00:02.957     1M / 70M   INFO   Simplification           (parallel_processing.hpp   : 171)   Tip clipper triggered 0 times
  0:00:02.961     1M / 70M   INFO   Simplification           (parallel_processing.hpp   : 168)   Running Bulge remover
  0:00:02.962     1M / 70M   INFO   Simplification           (parallel_processing.hpp   : 171)   Bulge remover triggered 1 times
  0:00:02.966     1M / 70M   INFO   Simplification           (parallel_processing.hpp   : 168)   Running Low coverage edge remover
  0:00:02.969     1M / 70M   INFO   Simplification           (parallel_processing.hpp   : 171)   Low coverage edge remover triggered 5 times
  0:00:02.972     1M / 70M   INFO    General                 (simplification.cpp        : 402)   PROCEDURE == Simplification cycle, iteration 10
  0:00:02.976     1M / 70M   INFO   Simplification           (parallel_processing.hpp   : 168)   Running Tip clipper
  0:00:02.981     1M / 70M   INFO   Simplification           (parallel_processing.hpp   : 171)   Tip clipper triggered 3 times
  0:00:02.983     1M / 70M   INFO   Simplification           (parallel_processing.hpp   : 168)   Running Bulge remover
  0:00:02.986     1M / 70M   INFO   Simplification           (parallel_processing.hpp   : 171)   Bulge remover triggered 1 times
  0:00:02.989     1M / 70M   INFO   Simplification           (parallel_processing.hpp   : 168)   Running Low coverage edge remover
  0:00:02.992     1M / 70M   INFO   Simplification           (parallel_processing.hpp   : 171)   Low coverage edge remover triggered 2 times
  0:00:02.997     1M / 70M   INFO    General                 (simplification.cpp        : 402)   PROCEDURE == Simplification cycle, iteration 11
  0:00:02.999     1M / 70M   INFO   Simplification           (parallel_processing.hpp   : 168)   Running Tip clipper
  0:00:03.006     1M / 70M   INFO   Simplification           (parallel_processing.hpp   : 171)   Tip clipper triggered 0 times
  0:00:03.009     1M / 70M   INFO   Simplification           (parallel_processing.hpp   : 168)   Running Bulge remover
  0:00:03.016     1M / 70M   INFO   Simplification           (parallel_processing.hpp   : 171)   Bulge remover triggered 1 times
  0:00:03.019     1M / 70M   INFO   Simplification           (parallel_processing.hpp   : 168)   Running Low coverage edge remover
  0:00:03.027     1M / 70M   INFO   Simplification           (parallel_processing.hpp   : 171)   Low coverage edge remover triggered 0 times
  0:00:03.029     1M / 70M   INFO    General                 (simplification.cpp        : 402)   PROCEDURE == Simplification cycle, iteration 12
  0:00:03.032     1M / 70M   INFO   Simplification           (parallel_processing.hpp   : 168)   Running Tip clipper
  0:00:03.035     1M / 70M   INFO   Simplification           (parallel_processing.hpp   : 171)   Tip clipper triggered 0 times
  0:00:03.039     1M / 70M   INFO   Simplification           (parallel_processing.hpp   : 168)   Running Bulge remover
  0:00:03.042     1M / 70M   INFO   Simplification           (parallel_processing.hpp   : 171)   Bulge remover triggered 0 times
  0:00:03.045     1M / 70M   INFO   Simplification           (parallel_processing.hpp   : 168)   Running Low coverage edge remover
  0:00:03.049     1M / 70M   INFO   Simplification           (parallel_processing.hpp   : 171)   Low coverage edge remover triggered 0 times
  0:00:03.055     1M / 70M   INFO   StageManager             (stage.cpp                 : 212)   STAGE == Simplification Cleanup (id: simplification_cleanup)
  0:00:03.060     1M / 70M   INFO    General                 (simplification.cpp        : 189)   PROCEDURE == Post simplification
  0:00:03.063     1M / 70M   INFO    General                 (graph_simplification.hpp  : 455)   Disconnection of relatively low covered edges disabled
  0:00:03.065     1M / 70M   INFO    General                 (graph_simplification.hpp  : 494)   Complex tip clipping disabled
  0:00:03.069     1M / 70M   INFO    General                 (graph_simplification.hpp  : 646)   Creating parallel br instance
  0:00:03.072     1M / 70M   INFO   Simplification           (parallel_processing.hpp   : 168)   Running Tip clipper
  0:00:03.080     1M / 70M   INFO   Simplification           (parallel_processing.hpp   : 171)   Tip clipper triggered 0 times
  0:00:03.082     1M / 70M   INFO   Simplification           (parallel_processing.hpp   : 168)   Running Bulge remover
  0:00:03.088     1M / 70M   INFO   Simplification           (parallel_processing.hpp   : 171)   Bulge remover triggered 0 times
  0:00:03.092     1M / 70M   INFO   Simplification           (parallel_processing.hpp   : 168)   Running Tip clipper
  0:00:03.098     1M / 70M   INFO   Simplification           (parallel_processing.hpp   : 171)   Tip clipper triggered 0 times
  0:00:03.102     1M / 70M   INFO   Simplification           (parallel_processing.hpp   : 168)   Running Bulge remover
  0:00:03.108     1M / 70M   INFO   Simplification           (parallel_processing.hpp   : 171)   Bulge remover triggered 0 times
  0:00:03.112     1M / 70M   INFO    General                 (simplification.cpp        : 348)   Disrupting self-conjugate edges
  0:00:03.116     1M / 70M   INFO   Simplification           (parallel_processing.hpp   : 168)   Running Removing isolated edges
  0:00:03.124     1M / 70M   INFO   Simplification           (parallel_processing.hpp   : 171)   Removing isolated edges triggered 18 times
  0:00:03.128     1M / 70M   INFO    General                 (simplification.cpp        : 508)   After simplification:
  0:00:03.130     1M / 70M   INFO    General                 (simplification.cpp        : 509)     Average coverage = 123.918
  0:00:03.133     1M / 70M   INFO    General                 (simplification.cpp        : 510)     Total length = 5127
  0:00:03.136     1M / 70M   INFO    General                 (simplification.cpp        : 511)     Median edge length: 493
  0:00:03.141     1M / 70M   INFO    General                 (simplification.cpp        : 512)     Edges: 142
  0:00:03.142     1M / 70M   INFO    General                 (simplification.cpp        : 513)     Vertices: 132
  0:00:03.146     1M / 70M   INFO   StageManager             (stage.cpp                 : 212)   STAGE == Contig Output (id: contig_output)
  0:00:03.152     1M / 70M   INFO    General                 (read_converter.cpp        : 135)   Outputting contigs to "/home/janina/nextflow/Nextflow_workshop/work/82/d3a7e24bf40fc0d3dfeae40b0d3ae4/SRR12718173_trimmed/K21/simplified_contigs"
  0:00:03.157     5M / 70M   INFO    General                 (binary_converter.cpp      : 143)   73 reads written
  0:00:03.163     1M / 70M   INFO    General                 (pipeline.cpp              : 303)   SPAdes finished
  0:00:03.167     1M / 70M   INFO    General                 (main.cpp                  : 131)   Assembling time: 0 hours 0 minutes 3 seconds

===== K21 finished. 


===== K33 started. 


== Running: /usr/local/bin/spades-core /home/janina/nextflow/Nextflow_workshop/work/82/d3a7e24bf40fc0d3dfeae40b0d3ae4/SRR12718173_trimmed/K33/configs/config.info

  0:00:00.000     1M / 22M   INFO    General                 (main.cpp                  :  94)   Loaded config from "/home/janina/nextflow/Nextflow_workshop/work/82/d3a7e24bf40fc0d3dfeae40b0d3ae4/SRR12718173_trimmed/K33/configs/config.info"
  0:00:00.005     1M / 22M   INFO    General                 (memory_limit.cpp          :  55)   Memory limit set to 23 Gb
  0:00:00.008     1M / 22M   INFO    General                 (main.cpp                  : 102)   Starting SPAdes, built from N/A, git revision N/A
  0:00:00.012     1M / 22M   INFO    General                 (main.cpp                  : 103)   Maximum k-mer length: 128
  0:00:00.015     1M / 22M   INFO    General                 (main.cpp                  : 104)   Assembling dataset ("/home/janina/nextflow/Nextflow_workshop/work/82/d3a7e24bf40fc0d3dfeae40b0d3ae4/SRR12718173_trimmed/dataset.info") with K=33
  0:00:00.018     1M / 22M   INFO    General                 (main.cpp                  : 105)   Maximum # of threads to use (adjusted due to OMP capabilities): 12
  0:00:00.022     1M / 22M   INFO    General                 (pipeline.cpp              : 221)   SPAdes started
  0:00:00.027     1M / 22M   INFO    General                 (pipeline.cpp              : 234)   Starting from stage: read_conversion
  0:00:00.029     1M / 22M   INFO    General                 (pipeline.cpp              : 245)   Two-step repeat resolution disabled
  0:00:00.034     1M / 22M   INFO   GraphCore                (graph_core.hpp            : 689)   Graph created, vertex min_id: 3, edge min_id: 3
  0:00:00.037     1M / 22M   INFO   GraphCore                (graph_core.hpp            : 690)   Vertex size: 48, edge size: 40
  0:00:00.039     1M / 22M   INFO    General                 (edge_index.hpp            : 132)   Size of edge index entries: 12/8
  0:00:00.042     1M / 22M   INFO    General                 (pipeline.cpp              : 256)   Will need read mapping, kmer mapper will be attached
  0:00:00.045     1M / 22M   INFO   StageManager             (stage.cpp                 : 212)   STAGE == Binary Read Conversion (id: read_conversion)
  0:00:00.050     1M / 22M   INFO    General                 (read_converter.cpp        :  57)   Binary reads detected
  0:00:00.082     1M / 22M   INFO   StageManager             (stage.cpp                 : 212)   STAGE == de Bruijn graph construction (id: construction)
  0:00:00.087     1M / 22M   INFO    General                 (construction.cpp          : 115)   Contigs from previous K will be used: /home/janina/nextflow/Nextflow_workshop/work/82/d3a7e24bf40fc0d3dfeae40b0d3ae4/SRR12718173_trimmed/K21/simplified_contigs
  0:00:00.095     1M / 22M   INFO    General                 (construction.cpp          : 150)   Max read length 36
  0:00:00.101     1M / 22M   INFO    General                 (construction.cpp          : 156)   Average read length 35.1094
  0:00:00.106     1M / 22M   INFO    General                 (stage.cpp                 : 121)   PROCEDURE == k+1-mer counting (id: construction:kpomer_counting)
  0:00:00.114     1M / 22M   INFO    General                 (kmer_index_builder.hpp    : 308)   Splitting kmer instances into 120 files using 12 threads. This might take a while.
  0:00:00.125     1M / 22M   INFO    General                 (file_limit.hpp            :  43)   Open file limit set to 1048576
  0:00:00.137     1M / 22M   INFO    General                 (kmer_splitter.hpp         :  96)   Memory available for splitting buffers: 0.63888 Gb
  0:00:00.142     1M / 22M   INFO    General                 (kmer_splitter.hpp         : 104)   Using cell size of 279620
  0:00:00.197  6841M / 6841M INFO    General                 (kmer_splitters.hpp        : 128)   Processed 134716 reads
  0:00:00.209     1M / 24M   INFO    General                 (kmer_splitters.hpp        : 134)   Used 134716 reads
  0:00:00.213     1M / 24M   INFO    General                 (kmer_index_builder.hpp    : 314)   Starting k-mer counting.
  0:00:00.230     1M / 24M   INFO    General                 (kmer_index_builder.hpp    : 325)   K-mer counting done. There are 14238 kmers in total.
  0:00:00.239     1M / 24M   INFO    General                 (stage.cpp                 : 121)   PROCEDURE == Extension index construction (id: construction:extension_index_construction)
  0:00:00.250     1M / 24M   INFO   K-mer Index Building     (kmer_index_builder.hpp    : 503)   Building kmer index
  0:00:00.255     1M / 24M   INFO    General                 (kmer_index_builder.hpp    : 308)   Splitting kmer instances into 120 files using 12 threads. This might take a while.
  0:00:00.264     2M / 24M   INFO    General                 (file_limit.hpp            :  43)   Open file limit set to 1048576
  0:00:00.275     2M / 24M   INFO    General                 (kmer_splitter.hpp         :  96)   Memory available for splitting buffers: 0.638861 Gb
  0:00:00.278     2M / 24M   INFO    General                 (kmer_splitter.hpp         : 104)   Using cell size of 279620
  0:00:00.319  6842M / 6842M INFO    General                 (kmer_splitters.hpp        : 197)   Processed 14238 kmers
  0:00:00.329  6842M / 6842M INFO    General                 (kmer_splitters.hpp        : 202)   Used 14238 kmers.
  0:00:00.335     2M / 27M   INFO    General                 (kmer_index_builder.hpp    : 314)   Starting k-mer counting.
  0:00:00.385     2M / 27M   INFO    General                 (kmer_index_builder.hpp    : 325)   K-mer counting done. There are 17136 kmers in total.
  0:00:00.390     2M / 27M   INFO   K-mer Index Building     (kmer_index_builder.hpp    : 460)   Building perfect hash indices
  0:00:00.426     2M / 27M   INFO   K-mer Index Building     (kmer_index_builder.hpp    : 496)   Index built. Total 17136 kmers, 106320 bytes occupied (49.6359 bits per kmer).
  0:00:00.434     2M / 27M   INFO    General                 (kmer_index_builder.hpp    : 191)   Merging final buckets.
  0:00:00.453     2M / 27M   INFO   DeBruijnExtensionIndexBu (kmer_extension_index_build: 101)   Building k-mer extensions from k+1-mers
  0:00:00.466     2M / 27M   INFO   DeBruijnExtensionIndexBu (kmer_extension_index_build: 106)   Building k-mer extensions from k+1-mers finished.
  0:00:00.474     2M / 27M   INFO    General                 (stage.cpp                 : 121)   PROCEDURE == Condensing graph (id: construction:graph_condensing)
  0:00:00.484     2M / 27M   INFO   UnbranchingPathExtractor (debruijn_graph_constructor: 324)   Extracting unbranching paths
  0:00:00.494     2M / 27M   INFO   UnbranchingPathExtractor (debruijn_graph_constructor: 348)   Extracting unbranching paths finished. 3416 sequences extracted
  0:00:00.508     2M / 27M   INFO   UnbranchingPathExtractor (debruijn_graph_constructor: 362)   Collecting perfect loops
  0:00:00.525     2M / 27M   INFO   UnbranchingPathExtractor (debruijn_graph_constructor: 395)   Collecting perfect loops finished. 5 loops collected
  0:00:00.533     2M / 27M   INFO   DeBruijnGraphConstructor (debruijn_graph_constructor: 593)   Sorting edges...
  0:00:00.564     2M / 27M   INFO   DeBruijnGraphConstructor (debruijn_graph_constructor: 598)   Edges sorted
  0:00:00.571     2M / 27M   INFO    General                 (debruijn_graph_constructor: 511)   Total 6842 edges to create
  0:00:00.574     2M / 27M   INFO    General                 (debruijn_graph_constructor: 514)   Collecting link records
  0:00:00.590     2M / 27M   INFO    General                 (debruijn_graph_constructor: 519)   Ordering link records
  0:00:00.621     2M / 27M   INFO    General                 (debruijn_graph_constructor: 525)   Sorting done
  0:00:00.632     2M / 27M   INFO    General                 (debruijn_graph_constructor: 538)   Sorting LinkRecords...
  0:00:00.663     2M / 27M   INFO    General                 (debruijn_graph_constructor: 544)   LinkRecords sorted
  0:00:00.672     2M / 27M   INFO    General                 (debruijn_graph_constructor: 546)   Total 6319 vertices to create
  0:00:00.677     3M / 27M   INFO    General                 (debruijn_graph_constructor: 549)   Connecting the graph
  0:00:00.704     3M / 27M   INFO    General                 (stage.cpp                 : 121)   PROCEDURE == Filling coverage indices (PHM) (id: construction:coverage_filling_phm)
  0:00:00.710     3M / 27M   INFO   K-mer Index Building     (kmer_index_builder.hpp    : 460)   Building perfect hash indices
  0:00:00.737     3M / 27M   INFO   K-mer Index Building     (kmer_index_builder.hpp    : 496)   Index built. Total 14238 kmers, 104344 bytes occupied (58.6285 bits per kmer).
  0:00:00.742     3M / 27M   INFO    General                 (coverage_hash_map_builder.:  49)   Collecting k-mer coverage information from reads, this takes a while.
  0:00:00.772     3M / 27M   INFO    General                 (construction.cpp          : 400)   Filling coverage and flanking coverage from PHM
  0:00:00.780     3M / 27M   INFO    General                 (coverage_filling.hpp      :  83)   Processed 6838 edges
  0:00:00.787     2M / 27M   INFO   StageManager             (stage.cpp                 : 212)   STAGE == EC Threshold Finding (id: ec_threshold_finder)
  0:00:00.792     2M / 27M   INFO    General                 (kmer_coverage_model.cpp   : 182)   Kmer coverage valley at: 12
  0:00:00.799     2M / 27M   INFO    General                 (kmer_coverage_model.cpp   : 202)   K-mer histogram maximum: 15
  0:00:00.806     2M / 27M   INFO    General                 (kmer_coverage_model.cpp   : 238)   Estimated median coverage: 16. Coverage mad: 4.4478
  0:00:00.811     2M / 27M   INFO    General                 (kmer_coverage_model.cpp   : 260)   Fitting coverage model
  0:00:00.849     2M / 27M   INFO    General                 (kmer_coverage_model.cpp   : 296)   ... iteration 2
  0:00:00.915     2M / 27M   INFO    General                 (kmer_coverage_model.cpp   : 296)   ... iteration 4
  0:00:01.233     2M / 27M   INFO    General                 (kmer_coverage_model.cpp   : 296)   ... iteration 8
  0:00:01.544     2M / 27M   INFO    General                 (kmer_coverage_model.cpp   : 296)   ... iteration 16
  0:00:01.903     2M / 27M   INFO    General                 (kmer_coverage_model.cpp   : 296)   ... iteration 32
  0:00:01.142     2M / 27M   INFO    General                 (kmer_coverage_model.cpp   : 296)   ... iteration 64
  0:00:01.712     2M / 27M   INFO    General                 (kmer_coverage_model.cpp   : 310)   Fitted mean coverage: 2. Fitted coverage std. dev: 2.29924e-58
  0:00:01.714     2M / 27M   INFO    General                 (kmer_coverage_model.cpp   : 335)   Probability of erroneous kmer at valley: 1
  0:00:01.717     2M / 27M   INFO    General                 (kmer_coverage_model.cpp   : 359)   Preliminary threshold calculated as: 12
  0:00:01.720     2M / 27M   INFO    General                 (kmer_coverage_model.cpp   : 363)   Threshold adjusted to: 12
  0:00:01.726     2M / 27M   INFO    General                 (kmer_coverage_model.cpp   : 376)   Estimated genome size (ignoring repeats): 1408
  0:00:01.727     2M / 27M   INFO    General                 (genomic_info_filler.cpp   :  56)   Mean coverage was calculated as 2
  0:00:01.731     2M / 27M   INFO    General                 (genomic_info_filler.cpp   :  71)   EC coverage threshold value was calculated as 12
  0:00:01.734     2M / 27M   INFO    General                 (genomic_info_filler.cpp   :  72)   Trusted kmer low bound: 0
  0:00:01.737     2M / 27M   INFO   StageManager             (stage.cpp                 : 212)   STAGE == Gap Closer (id: early_gapcloser)
  0:00:01.741     2M / 27M   INFO    General                 (gap_closer.cpp            : 484)   No paired-end libraries exist, skipping gap closer
  0:00:01.744     2M / 27M   INFO   StageManager             (stage.cpp                 : 212)   STAGE == Raw Simplification (id: raw_simplification)
  0:00:01.749     2M / 27M   INFO    General                 (simplification.cpp        : 129)   PROCEDURE == Initial cleaning
  0:00:01.751     2M / 27M   INFO    General                 (simplification.cpp        :  68)   Most init cleaning disabled since detected mean 2 was less than activation coverage 10
  0:00:01.754     2M / 27M   INFO   Simplification           (parallel_processing.hpp   : 168)   Running Self conjugate edge remover
  0:00:01.762     2M / 27M   INFO   Simplification           (parallel_processing.hpp   : 171)   Self conjugate edge remover triggered 0 times
  0:00:01.764     2M / 27M   INFO   StageManager             (stage.cpp                 : 212)   STAGE == Simplification (id: simplification)
  0:00:01.768     2M / 27M   INFO    General                 (simplification.cpp        : 397)   Graph simplification started
  0:00:01.771     2M / 27M   INFO    General                 (graph_simplification.hpp  : 646)   Creating parallel br instance
  0:00:01.774     2M / 27M   INFO    General                 (simplification.cpp        : 402)   PROCEDURE == Simplification cycle, iteration 1
  0:00:01.778     2M / 27M   INFO   Simplification           (parallel_processing.hpp   : 168)   Running Tip clipper
  0:00:01.785     2M / 27M   INFO   Simplification           (parallel_processing.hpp   : 171)   Tip clipper triggered 262 times
  0:00:01.788     2M / 27M   INFO   Simplification           (parallel_processing.hpp   : 168)   Running Bulge remover
  0:00:01.794     2M / 27M   INFO   Simplification           (parallel_processing.hpp   : 171)   Bulge remover triggered 0 times
  0:00:01.797     2M / 27M   INFO   Simplification           (parallel_processing.hpp   : 168)   Running Low coverage edge remover
  0:00:01.804     2M / 27M   INFO   Simplification           (parallel_processing.hpp   : 171)   Low coverage edge remover triggered 0 times
  0:00:01.807     2M / 27M   INFO    General                 (simplification.cpp        : 402)   PROCEDURE == Simplification cycle, iteration 2
  0:00:01.811     2M / 27M   INFO   Simplification           (parallel_processing.hpp   : 168)   Running Tip clipper
  0:00:01.815     2M / 27M   INFO   Simplification           (parallel_processing.hpp   : 171)   Tip clipper triggered 0 times
  0:00:01.817     2M / 27M   INFO   Simplification           (parallel_processing.hpp   : 168)   Running Bulge remover
  0:00:01.822     2M / 27M   INFO   Simplification           (parallel_processing.hpp   : 171)   Bulge remover triggered 0 times
  0:00:01.824     2M / 27M   INFO   Simplification           (parallel_processing.hpp   : 168)   Running Low coverage edge remover
  0:00:01.827     2M / 27M   INFO   Simplification           (parallel_processing.hpp   : 171)   Low coverage edge remover triggered 0 times
  0:00:01.831     2M / 27M   INFO    General                 (simplification.cpp        : 402)   PROCEDURE == Simplification cycle, iteration 3
  0:00:01.834     2M / 27M   INFO   Simplification           (parallel_processing.hpp   : 168)   Running Tip clipper
  0:00:01.837     2M / 27M   INFO   Simplification           (parallel_processing.hpp   : 171)   Tip clipper triggered 0 times
  0:00:01.841     2M / 27M   INFO   Simplification           (parallel_processing.hpp   : 168)   Running Bulge remover
  0:00:01.844     2M / 27M   INFO   Simplification           (parallel_processing.hpp   : 171)   Bulge remover triggered 0 times
  0:00:01.847     2M / 27M   INFO   Simplification           (parallel_processing.hpp   : 168)   Running Low coverage edge remover
  0:00:01.850     2M / 27M   INFO   Simplification           (parallel_processing.hpp   : 171)   Low coverage edge remover triggered 0 times
  0:00:01.854     2M / 27M   INFO    General                 (simplification.cpp        : 402)   PROCEDURE == Simplification cycle, iteration 4
  0:00:01.857     2M / 27M   INFO   Simplification           (parallel_processing.hpp   : 168)   Running Tip clipper
  0:00:01.862     2M / 27M   INFO   Simplification           (parallel_processing.hpp   : 171)   Tip clipper triggered 0 times
  0:00:01.864     2M / 27M   INFO   Simplification           (parallel_processing.hpp   : 168)   Running Bulge remover
  0:00:01.868     2M / 27M   INFO   Simplification           (parallel_processing.hpp   : 171)   Bulge remover triggered 0 times
  0:00:01.870     2M / 27M   INFO   Simplification           (parallel_processing.hpp   : 168)   Running Low coverage edge remover
  0:00:01.875     2M / 27M   INFO   Simplification           (parallel_processing.hpp   : 171)   Low coverage edge remover triggered 0 times
  0:00:01.877     2M / 27M   INFO    General                 (simplification.cpp        : 402)   PROCEDURE == Simplification cycle, iteration 5
  0:00:01.880     2M / 27M   INFO   Simplification           (parallel_processing.hpp   : 168)   Running Tip clipper
  0:00:01.883     2M / 27M   INFO   Simplification           (parallel_processing.hpp   : 171)   Tip clipper triggered 0 times
  0:00:01.887     2M / 27M   INFO   Simplification           (parallel_processing.hpp   : 168)   Running Bulge remover
  0:00:01.890     2M / 27M   INFO   Simplification           (parallel_processing.hpp   : 171)   Bulge remover triggered 0 times
  0:00:01.895     2M / 27M   INFO   Simplification           (parallel_processing.hpp   : 168)   Running Low coverage edge remover
  0:00:01.897     2M / 27M   INFO   Simplification           (parallel_processing.hpp   : 171)   Low coverage edge remover triggered 0 times
  0:00:01.900     2M / 27M   INFO    General                 (simplification.cpp        : 402)   PROCEDURE == Simplification cycle, iteration 6
  0:00:01.903     2M / 27M   INFO   Simplification           (parallel_processing.hpp   : 168)   Running Tip clipper
  0:00:01.907     2M / 27M   INFO   Simplification           (parallel_processing.hpp   : 171)   Tip clipper triggered 0 times
  0:00:01.910     2M / 27M   INFO   Simplification           (parallel_processing.hpp   : 168)   Running Bulge remover
  0:00:01.913     2M / 27M   INFO   Simplification           (parallel_processing.hpp   : 171)   Bulge remover triggered 0 times
  0:00:01.916     2M / 27M   INFO   Simplification           (parallel_processing.hpp   : 168)   Running Low coverage edge remover
  0:00:01.920     2M / 27M   INFO   Simplification           (parallel_processing.hpp   : 171)   Low coverage edge remover triggered 0 times
  0:00:01.923     2M / 27M   INFO    General                 (simplification.cpp        : 402)   PROCEDURE == Simplification cycle, iteration 7
  0:00:01.926     2M / 27M   INFO   Simplification           (parallel_processing.hpp   : 168)   Running Tip clipper
  0:00:01.929     2M / 27M   INFO   Simplification           (parallel_processing.hpp   : 171)   Tip clipper triggered 0 times
  0:00:01.933     2M / 27M   INFO   Simplification           (parallel_processing.hpp   : 168)   Running Bulge remover
  0:00:01.936     2M / 27M   INFO   Simplification           (parallel_processing.hpp   : 171)   Bulge remover triggered 0 times
  0:00:01.939     2M / 27M   INFO   Simplification           (parallel_processing.hpp   : 168)   Running Low coverage edge remover
  0:00:01.942     2M / 27M   INFO   Simplification           (parallel_processing.hpp   : 171)   Low coverage edge remover triggered 0 times
  0:00:01.946     2M / 27M   INFO    General                 (simplification.cpp        : 402)   PROCEDURE == Simplification cycle, iteration 8
  0:00:01.949     2M / 27M   INFO   Simplification           (parallel_processing.hpp   : 168)   Running Tip clipper
  0:00:01.952     2M / 27M   INFO   Simplification           (parallel_processing.hpp   : 171)   Tip clipper triggered 0 times
  0:00:01.956     2M / 27M   INFO   Simplification           (parallel_processing.hpp   : 168)   Running Bulge remover
  0:00:01.959     2M / 27M   INFO   Simplification           (parallel_processing.hpp   : 171)   Bulge remover triggered 0 times
  0:00:01.962     2M / 27M   INFO   Simplification           (parallel_processing.hpp   : 168)   Running Low coverage edge remover
  0:00:01.966     2M / 27M   INFO   Simplification           (parallel_processing.hpp   : 171)   Low coverage edge remover triggered 0 times
  0:00:01.969     2M / 27M   INFO    General                 (simplification.cpp        : 402)   PROCEDURE == Simplification cycle, iteration 9
  0:00:01.972     2M / 27M   INFO   Simplification           (parallel_processing.hpp   : 168)   Running Tip clipper
  0:00:01.977     2M / 27M   INFO   Simplification           (parallel_processing.hpp   : 171)   Tip clipper triggered 0 times
  0:00:01.980     2M / 27M   INFO   Simplification           (parallel_processing.hpp   : 168)   Running Bulge remover
  0:00:01.983     2M / 27M   INFO   Simplification           (parallel_processing.hpp   : 171)   Bulge remover triggered 0 times
  0:00:01.986     2M / 27M   INFO   Simplification           (parallel_processing.hpp   : 168)   Running Low coverage edge remover
  0:00:01.990     2M / 27M   INFO   Simplification           (parallel_processing.hpp   : 171)   Low coverage edge remover triggered 0 times
  0:00:01.993     2M / 27M   INFO    General                 (simplification.cpp        : 402)   PROCEDURE == Simplification cycle, iteration 10
  0:00:01.996     2M / 27M   INFO   Simplification           (parallel_processing.hpp   : 168)   Running Tip clipper
  0:00:01.999     2M / 27M   INFO   Simplification           (parallel_processing.hpp   : 171)   Tip clipper triggered 0 times
  0:00:02.003     2M / 27M   INFO   Simplification           (parallel_processing.hpp   : 168)   Running Bulge remover
  0:00:02.006     2M / 27M   INFO   Simplification           (parallel_processing.hpp   : 171)   Bulge remover triggered 0 times
  0:00:02.011     2M / 27M   INFO   Simplification           (parallel_processing.hpp   : 168)   Running Low coverage edge remover
  0:00:02.013     2M / 27M   INFO   Simplification           (parallel_processing.hpp   : 171)   Low coverage edge remover triggered 0 times
  0:00:02.016     2M / 27M   INFO    General                 (simplification.cpp        : 402)   PROCEDURE == Simplification cycle, iteration 11
  0:00:02.020     2M / 27M   INFO   Simplification           (parallel_processing.hpp   : 168)   Running Tip clipper
  0:00:02.026     2M / 27M   INFO   Simplification           (parallel_processing.hpp   : 171)   Tip clipper triggered 0 times
  0:00:02.029     2M / 27M   INFO   Simplification           (parallel_processing.hpp   : 168)   Running Bulge remover
  0:00:02.038     2M / 27M   INFO   Simplification           (parallel_processing.hpp   : 171)   Bulge remover triggered 0 times
  0:00:02.041     2M / 27M   INFO   Simplification           (parallel_processing.hpp   : 168)   Running Low coverage edge remover
  0:00:02.046     2M / 27M   INFO   Simplification           (parallel_processing.hpp   : 171)   Low coverage edge remover triggered 0 times
  0:00:02.053     2M / 27M   INFO   StageManager             (stage.cpp                 : 212)   STAGE == Gap Closer (id: late_gapcloser)
  0:00:02.057     2M / 27M   INFO    General                 (gap_closer.cpp            : 484)   No paired-end libraries exist, skipping gap closer
  0:00:02.060     2M / 27M   INFO   StageManager             (stage.cpp                 : 212)   STAGE == Simplification Cleanup (id: simplification_cleanup)
  0:00:02.063     2M / 27M   INFO    General                 (simplification.cpp        : 189)   PROCEDURE == Post simplification
  0:00:02.066     2M / 27M   INFO    General                 (graph_simplification.hpp  : 455)   Disconnection of relatively low covered edges disabled
  0:00:02.070     2M / 27M   INFO    General                 (graph_simplification.hpp  : 494)   Complex tip clipping disabled
  0:00:02.073     2M / 27M   INFO    General                 (graph_simplification.hpp  : 646)   Creating parallel br instance
  0:00:02.076     2M / 27M   INFO   Simplification           (parallel_processing.hpp   : 168)   Running Tip clipper
  0:00:02.083     2M / 27M   INFO   Simplification           (parallel_processing.hpp   : 171)   Tip clipper triggered 0 times
  0:00:02.088     2M / 27M   INFO   Simplification           (parallel_processing.hpp   : 168)   Running Bulge remover
  0:00:02.095     2M / 27M   INFO   Simplification           (parallel_processing.hpp   : 171)   Bulge remover triggered 0 times
  0:00:02.100     2M / 27M   INFO   Simplification           (parallel_processing.hpp   : 168)   Running Tip clipper
  0:00:02.106     2M / 27M   INFO   Simplification           (parallel_processing.hpp   : 171)   Tip clipper triggered 0 times
  0:00:02.110     2M / 27M   INFO   Simplification           (parallel_processing.hpp   : 168)   Running Bulge remover
  0:00:02.116     2M / 27M   INFO   Simplification           (parallel_processing.hpp   : 171)   Bulge remover triggered 0 times
  0:00:02.123     2M / 27M   INFO    General                 (simplification.cpp        : 348)   Disrupting self-conjugate edges
  0:00:02.129     2M / 27M   INFO   Simplification           (parallel_processing.hpp   : 168)   Running Removing isolated edges
  0:00:02.144     2M / 27M   INFO   Simplification           (parallel_processing.hpp   : 171)   Removing isolated edges triggered 2894 times
  0:00:02.152     2M / 27M   INFO    General                 (simplification.cpp        : 508)   After simplification:
  0:00:02.155     2M / 27M   INFO    General                 (simplification.cpp        : 509)     Average coverage = 22.7563
  0:00:02.160     2M / 27M   INFO    General                 (simplification.cpp        : 510)     Total length = 3618
  0:00:02.170     2M / 27M   INFO    General                 (simplification.cpp        : 511)     Median edge length: 577
  0:00:02.173     2M / 27M   INFO    General                 (simplification.cpp        : 512)     Edges: 34
  0:00:02.182     2M / 27M   INFO    General                 (simplification.cpp        : 513)     Vertices: 46
  0:00:02.186     2M / 27M   INFO   StageManager             (stage.cpp                 : 212)   STAGE == Mismatch Correction (id: mismatch_correction)
  0:00:02.190     2M / 27M   INFO    General                 (graph_pack_helpers.cpp    :  44)   Index refill
  0:00:02.196     2M / 27M   INFO    General                 (edge_index.hpp            : 175)   Using small index (max_id = 6879)
  0:00:02.209     2M / 27M   INFO   K-mer Index Building     (kmer_index_builder.hpp    : 460)   Building perfect hash indices
  0:00:02.219     2M / 27M   INFO   K-mer Index Building     (kmer_index_builder.hpp    : 496)   Index built. Total 3617 kmers, 3384 bytes occupied (7.48466 bits per kmer).
  0:00:02.230     2M / 27M   INFO    General                 (edge_index_builders.hpp   : 253)   Collecting edge information from graph, this takes a while.
  0:00:02.238     2M / 27M   INFO    General                 (graph_pack_helpers.cpp    :  54)   Normalizing k-mer map. Total 0 kmers to process
  0:00:02.242     2M / 27M   INFO    General                 (kmer_mapper.hpp           :  87)   Total 0 kmers with non-trivial roots
  0:00:02.248     2M / 27M   INFO    General                 (graph_pack_helpers.cpp    :  56)   Normalizing done
  0:00:02.256     2M / 27M   INFO    General                 (mismatch_correction.cpp   : 421)   Collect potential mismatches
  0:00:02.263     2M / 27M   INFO    General                 (mismatch_correction.cpp   : 213)   Total 0 edges (out of 34) with 0 potential mismatch positions (-nan positions per edge)
  0:00:02.270     2M / 27M   INFO    General                 (mismatch_correction.cpp   : 423)   Potential mismatches collected
  0:00:02.276     2M / 27M   INFO    General                 (sequence_mapper_notifier.h:  80)   Starting sequence mapping
  0:00:02.304     2M / 27M   INFO    General                 (sequence_mapper_notifier.h: 120)   Total 134570 reads processed
  0:00:02.307     2M / 27M   INFO    General                 (mismatch_correction.cpp   : 416)   All edges processed
  0:00:02.314     2M / 27M   INFO    General                 (mismatch_correction.cpp   : 471)   Corrected 0 nucleotides
  0:00:02.319     2M / 27M   INFO   StageManager             (stage.cpp                 : 212)   STAGE == Contig Output (id: contig_output)
  0:00:02.324     2M / 27M   INFO    General                 (contig_output.hpp         :  20)   Outputting contigs to "/home/janina/nextflow/Nextflow_workshop/work/82/d3a7e24bf40fc0d3dfeae40b0d3ae4/SRR12718173_trimmed/K33/before_rr.fasta"
  0:00:02.331     2M / 27M   INFO    General                 (contig_output_stage.cpp   : 159)   Writing GFA graph to "/home/janina/nextflow/Nextflow_workshop/work/82/d3a7e24bf40fc0d3dfeae40b0d3ae4/SRR12718173_trimmed/K33/assembly_graph_after_simplification.gfa"
  0:00:02.334     2M / 27M   INFO   StageManager             (stage.cpp                 : 212)   STAGE == Paired Information Counting (id: late_pair_info_count)
  0:00:02.339     2M / 27M   INFO    General                 (graph_pack_helpers.cpp    :  54)   Normalizing k-mer map. Total 0 kmers to process
  0:00:02.342     2M / 27M   INFO    General                 (graph_pack_helpers.cpp    :  56)   Normalizing done
  0:00:02.345     2M / 27M   INFO    General                 (pair_info_count.cpp       : 165)   Min edge length for estimation: 577
  0:00:02.350     2M / 27M   INFO    General                 (pair_info_count.cpp       : 235)   Mapping single reads of library #0
  0:00:02.355     2M / 27M   INFO    General                 (pair_info_count.cpp       :  41)   Selecting usual mapper
  0:00:02.362     2M / 27M   INFO    General                 (sequence_mapper_notifier.h:  80)   Starting sequence mapping
  0:00:02.385     2M / 27M   INFO    General                 (sequence_mapper_notifier.h: 120)   Total 67285 reads processed
  0:00:02.389     2M / 27M   INFO    General                 (pair_info_count.cpp       : 237)   Total paths obtained from single reads: 45
  0:00:02.393     2M / 27M   INFO   StageManager             (stage.cpp                 : 212)   STAGE == Distance Estimation (id: distance_estimation)
  0:00:02.400     2M / 27M   INFO   StageManager             (stage.cpp                 : 212)   STAGE == Repeat Resolving (id: repeat_resolving)
  0:00:02.405     2M / 27M   INFO    General                 (repeat_resolving.cpp      :  88)   Using Path-Extend repeat resolving
  0:00:02.412     2M / 27M   INFO    General                 (launcher.cpp              : 632)   ExSPAnder repeat resolving tool started
  0:00:02.418     2M / 27M   INFO    General                 (coverage_uniformity_analyz:  25)   genomic coverage is 6.95299 calculated of length 2017
  0:00:02.425     2M / 27M   INFO    General                 (launcher.cpp              : 440)   Creating main extenders, unique edge length = 2000
  0:00:02.433     2M / 27M   INFO    General                 (launcher.cpp              : 358)   filling path container
  0:00:02.438     2M / 27M   INFO    General                 (extenders_logic.cpp       :  54)   resolvable_repeat_length_bound set to 10000
  0:00:02.441     2M / 27M   INFO    General                 (extenders_logic.cpp       : 550)   Using 0 paired-end libraries
  0:00:02.444     2M / 27M   INFO    General                 (extenders_logic.cpp       : 551)   Using 0 paired-end scaffolding libraries
  0:00:02.447     2M / 27M   INFO    General                 (extenders_logic.cpp       : 552)   Using 1 single read library
  0:00:02.450     2M / 27M   INFO    General                 (launcher.cpp              : 469)   Total number of extenders is 1
  0:00:02.457     2M / 27M   INFO    General                 (path_extenders.cpp        :  36)   Processed 0 paths from 14 (0%)
  0:00:02.464     2M / 27M   INFO    General                 (path_extenders.cpp        :  36)   Processed 2 paths from 14 (14%)
  0:00:02.471     2M / 27M   INFO    General                 (path_extenders.cpp        :  36)   Processed 4 paths from 14 (28%)
  0:00:02.477     2M / 27M   INFO    General                 (path_extenders.cpp        :  36)   Processed 6 paths from 14 (42%)
  0:00:02.481     2M / 27M   INFO    General                 (path_extenders.cpp        :  36)   Processed 8 paths from 14 (57%)
  0:00:02.490     2M / 27M   INFO    General                 (path_extenders.cpp        :  36)   Processed 10 paths from 14 (71%)
  0:00:02.496     2M / 27M   INFO    General                 (path_extenders.cpp        :  36)   Processed 12 paths from 14 (85%)
  0:00:02.503     2M / 27M   INFO    General                 (launcher.cpp              : 260)   Finalizing paths
  0:00:02.507     2M / 27M   INFO    General                 (launcher.cpp              : 262)   Deduplicating paths
  0:00:02.513     2M / 27M   INFO    General                 (launcher.cpp              : 266)   Paths deduplicated
  0:00:02.521     2M / 27M   INFO   PEResolver               (pe_resolver.cpp           :  70)   Removing overlaps
  0:00:02.528     2M / 27M   INFO   PEResolver               (pe_resolver.cpp           :  73)   Sorting paths
  0:00:02.536     2M / 27M   INFO   PEResolver               (pe_resolver.cpp           :  80)   Marking overlaps
  0:00:02.540     2M / 27M   INFO   OverlapRemover           (overlap_remover.hpp       : 120)   Marking start/end overlaps
  0:00:02.545     2M / 27M   INFO   OverlapRemover           (overlap_remover.hpp       : 123)   Marking remaining overlaps
  0:00:02.548     2M / 27M   INFO   PEResolver               (pe_resolver.cpp           :  83)   Splitting paths
  0:00:02.552     2M / 27M   INFO   PEResolver               (pe_resolver.cpp           :  88)   Deduplicating paths
  0:00:02.557     2M / 27M   INFO   PEResolver               (pe_resolver.cpp           :  90)   Overlaps removed
  0:00:02.561     2M / 27M   INFO    General                 (launcher.cpp              : 283)   Paths finalized
  0:00:02.565     2M / 27M   INFO    General                 (launcher.cpp              : 478)   Closing gaps in paths
  0:00:02.570     2M / 27M   INFO    General                 (launcher.cpp              : 508)   Gap closing completed
  0:00:02.574     2M / 27M   INFO    General                 (launcher.cpp              : 316)   Traversing tandem repeats
  0:00:02.580     2M / 27M   INFO    General                 (launcher.cpp              : 326)   Traversed 0 loops
  0:00:02.583     2M / 27M   INFO    General                 (launcher.cpp              : 260)   Finalizing paths
  0:00:02.587     2M / 27M   INFO    General                 (launcher.cpp              : 262)   Deduplicating paths
  0:00:02.596     2M / 27M   INFO    General                 (launcher.cpp              : 266)   Paths deduplicated
  0:00:02.601     2M / 27M   INFO   PEResolver               (pe_resolver.cpp           :  70)   Removing overlaps
  0:00:02.608     2M / 27M   INFO   PEResolver               (pe_resolver.cpp           :  73)   Sorting paths
  0:00:02.617     2M / 27M   INFO   PEResolver               (pe_resolver.cpp           :  80)   Marking overlaps
  0:00:02.623     2M / 27M   INFO   OverlapRemover           (overlap_remover.hpp       : 120)   Marking start/end overlaps
  0:00:02.629     2M / 27M   INFO   OverlapRemover           (overlap_remover.hpp       : 123)   Marking remaining overlaps
  0:00:02.634     2M / 27M   INFO   PEResolver               (pe_resolver.cpp           :  83)   Splitting paths
  0:00:02.641     2M / 27M   INFO   PEResolver               (pe_resolver.cpp           :  88)   Deduplicating paths
  0:00:02.646     2M / 27M   INFO   PEResolver               (pe_resolver.cpp           :  90)   Overlaps removed
  0:00:02.653     2M / 27M   INFO    General                 (launcher.cpp              : 283)   Paths finalized
  0:00:02.658     2M / 27M   INFO    General                 (launcher.cpp              : 697)   ExSPAnder repeat resolving tool finished
  0:00:02.665     2M / 27M   INFO   StageManager             (stage.cpp                 : 212)   STAGE == Contig Output (id: contig_output)
  0:00:02.672     2M / 27M   INFO    General                 (contig_output.hpp         :  20)   Outputting contigs to "/home/janina/nextflow/Nextflow_workshop/work/82/d3a7e24bf40fc0d3dfeae40b0d3ae4/SRR12718173_trimmed/K33/before_rr.fasta"
  0:00:02.676     2M / 27M   INFO    General                 (contig_output_stage.cpp   : 159)   Writing GFA graph to "/home/janina/nextflow/Nextflow_workshop/work/82/d3a7e24bf40fc0d3dfeae40b0d3ae4/SRR12718173_trimmed/K33/assembly_graph_with_scaffolds.gfa"
  0:00:02.679     2M / 27M   INFO    General                 (contig_output_stage.cpp   : 175)   Outputting FastG graph to "/home/janina/nextflow/Nextflow_workshop/work/82/d3a7e24bf40fc0d3dfeae40b0d3ae4/SRR12718173_trimmed/K33/assembly_graph.fastg"
  0:00:02.688     2M / 27M   INFO    General                 (contig_output_stage.cpp   : 210)   Breaking scaffolds
  0:00:02.691     2M / 27M   INFO    General                 (contig_output_stage.cpp   : 101)   Outputting contigs to /home/janina/nextflow/Nextflow_workshop/work/82/d3a7e24bf40fc0d3dfeae40b0d3ae4/SRR12718173_trimmed/K33/final_contigs.fasta
  0:00:02.697     2M / 27M   INFO    General                 (contig_output_stage.cpp   : 107)   Outputting FastG paths to /home/janina/nextflow/Nextflow_workshop/work/82/d3a7e24bf40fc0d3dfeae40b0d3ae4/SRR12718173_trimmed/K33/final_contigs.paths
  0:00:02.705     2M / 27M   INFO    General                 (contig_output_stage.cpp   : 101)   Outputting contigs to /home/janina/nextflow/Nextflow_workshop/work/82/d3a7e24bf40fc0d3dfeae40b0d3ae4/SRR12718173_trimmed/K33/scaffolds.fasta
  0:00:02.711     2M / 27M   INFO    General                 (contig_output_stage.cpp   : 107)   Outputting FastG paths to /home/janina/nextflow/Nextflow_workshop/work/82/d3a7e24bf40fc0d3dfeae40b0d3ae4/SRR12718173_trimmed/K33/scaffolds.paths
  0:00:02.716     2M / 27M   INFO    General                 (contig_output_stage.cpp   : 114)   Populating GFA with scaffold paths
  0:00:02.723     2M / 27M   INFO    General                 (pipeline.cpp              : 303)   SPAdes finished
  0:00:02.730     1M / 27M   INFO    General                 (main.cpp                  : 131)   Assembling time: 0 hours 0 minutes 2 seconds

===== K33 finished. 


===== Copy files started. 


== Running: /usr/local/bin/python3 /usr/local/share/spades/spades_pipeline/scripts/copy_files.py /home/janina/nextflow/Nextflow_workshop/work/82/d3a7e24bf40fc0d3dfeae40b0d3ae4/SRR12718173_trimmed/K33/before_rr.fasta /home/janina/nextflow/Nextflow_workshop/work/82/d3a7e24bf40fc0d3dfeae40b0d3ae4/SRR12718173_trimmed/before_rr.fasta /home/janina/nextflow/Nextflow_workshop/work/82/d3a7e24bf40fc0d3dfeae40b0d3ae4/SRR12718173_trimmed/K33/assembly_graph_after_simplification.gfa /home/janina/nextflow/Nextflow_workshop/work/82/d3a7e24bf40fc0d3dfeae40b0d3ae4/SRR12718173_trimmed/assembly_graph_after_simplification.gfa /home/janina/nextflow/Nextflow_workshop/work/82/d3a7e24bf40fc0d3dfeae40b0d3ae4/SRR12718173_trimmed/K33/final_contigs.fasta /home/janina/nextflow/Nextflow_workshop/work/82/d3a7e24bf40fc0d3dfeae40b0d3ae4/SRR12718173_trimmed/contigs.fasta /home/janina/nextflow/Nextflow_workshop/work/82/d3a7e24bf40fc0d3dfeae40b0d3ae4/SRR12718173_trimmed/K33/first_pe_contigs.fasta /home/janina/nextflow/Nextflow_workshop/work/82/d3a7e24bf40fc0d3dfeae40b0d3ae4/SRR12718173_trimmed/first_pe_contigs.fasta /home/janina/nextflow/Nextflow_workshop/work/82/d3a7e24bf40fc0d3dfeae40b0d3ae4/SRR12718173_trimmed/K33/strain_graph.gfa /home/janina/nextflow/Nextflow_workshop/work/82/d3a7e24bf40fc0d3dfeae40b0d3ae4/SRR12718173_trimmed/strain_graph.gfa /home/janina/nextflow/Nextflow_workshop/work/82/d3a7e24bf40fc0d3dfeae40b0d3ae4/SRR12718173_trimmed/K33/scaffolds.fasta /home/janina/nextflow/Nextflow_workshop/work/82/d3a7e24bf40fc0d3dfeae40b0d3ae4/SRR12718173_trimmed/scaffolds.fasta /home/janina/nextflow/Nextflow_workshop/work/82/d3a7e24bf40fc0d3dfeae40b0d3ae4/SRR12718173_trimmed/K33/scaffolds.paths /home/janina/nextflow/Nextflow_workshop/work/82/d3a7e24bf40fc0d3dfeae40b0d3ae4/SRR12718173_trimmed/scaffolds.paths /home/janina/nextflow/Nextflow_workshop/work/82/d3a7e24bf40fc0d3dfeae40b0d3ae4/SRR12718173_trimmed/K33/assembly_graph_with_scaffolds.gfa /home/janina/nextflow/Nextflow_workshop/work/82/d3a7e24bf40fc0d3dfeae40b0d3ae4/SRR12718173_trimmed/assembly_graph_with_scaffolds.gfa /home/janina/nextflow/Nextflow_workshop/work/82/d3a7e24bf40fc0d3dfeae40b0d3ae4/SRR12718173_trimmed/K33/assembly_graph.fastg /home/janina/nextflow/Nextflow_workshop/work/82/d3a7e24bf40fc0d3dfeae40b0d3ae4/SRR12718173_trimmed/assembly_graph.fastg /home/janina/nextflow/Nextflow_workshop/work/82/d3a7e24bf40fc0d3dfeae40b0d3ae4/SRR12718173_trimmed/K33/final_contigs.paths /home/janina/nextflow/Nextflow_workshop/work/82/d3a7e24bf40fc0d3dfeae40b0d3ae4/SRR12718173_trimmed/contigs.paths


===== Copy files finished. 


===== Assembling finished. 


===== Breaking scaffolds started. 


== Running: /usr/local/bin/python3 /usr/local/share/spades/spades_pipeline/scripts/breaking_scaffolds_script.py --result_scaffolds_filename /home/janina/nextflow/Nextflow_workshop/work/82/d3a7e24bf40fc0d3dfeae40b0d3ae4/SRR12718173_trimmed/scaffolds.fasta --misc_dir /home/janina/nextflow/Nextflow_workshop/work/82/d3a7e24bf40fc0d3dfeae40b0d3ae4/SRR12718173_trimmed/misc --threshold_for_breaking_scaffolds 3


===== Breaking scaffolds finished. 


===== Terminate started. 


===== Terminate finished. 

 * Corrected reads are in /home/janina/nextflow/Nextflow_workshop/work/82/d3a7e24bf40fc0d3dfeae40b0d3ae4/SRR12718173_trimmed/corrected/
 * Assembled contigs are in /home/janina/nextflow/Nextflow_workshop/work/82/d3a7e24bf40fc0d3dfeae40b0d3ae4/SRR12718173_trimmed/contigs.fasta
 * Assembled scaffolds are in /home/janina/nextflow/Nextflow_workshop/work/82/d3a7e24bf40fc0d3dfeae40b0d3ae4/SRR12718173_trimmed/scaffolds.fasta
 * Paths in the assembly graph corresponding to the contigs are in /home/janina/nextflow/Nextflow_workshop/work/82/d3a7e24bf40fc0d3dfeae40b0d3ae4/SRR12718173_trimmed/contigs.paths
 * Paths in the assembly graph corresponding to the scaffolds are in /home/janina/nextflow/Nextflow_workshop/work/82/d3a7e24bf40fc0d3dfeae40b0d3ae4/SRR12718173_trimmed/scaffolds.paths
 * Assembly graph is in /home/janina/nextflow/Nextflow_workshop/work/82/d3a7e24bf40fc0d3dfeae40b0d3ae4/SRR12718173_trimmed/assembly_graph.fastg
 * Assembly graph in GFA format is in /home/janina/nextflow/Nextflow_workshop/work/82/d3a7e24bf40fc0d3dfeae40b0d3ae4/SRR12718173_trimmed/assembly_graph_with_scaffolds.gfa

======= SPAdes pipeline finished.

SPAdes log can be found here: /home/janina/nextflow/Nextflow_workshop/work/82/d3a7e24bf40fc0d3dfeae40b0d3ae4/SRR12718173_trimmed/spades.log

Thank you for using SPAdes! If you use it in your research, please cite:

  Prjibelski, A., Antipov, D., Meleshko, D., Lapidus, A. and Korobeynikov, A., 2020. Using SPAdes de novo assembler. Current protocols in bioinformatics, 70(1), p.e102.
  doi.org/10.1002/cpbi.102

